Performing C SOURCE FILE Test CMAKE_HAVE_LIBC_PTHREAD failed with the following output:
Change Dir: /mnt/d/Users/user/Documents/GitHub/IMAGINE1-S2/HMIN212/ray/raytracer-template/raytracer-template/build/CMakeFiles/CMakeTmp

Run Build Command(s):/usr/bin/make cmTC_78cfa/fast && /usr/bin/make -f CMakeFiles/cmTC_78cfa.dir/build.make CMakeFiles/cmTC_78cfa.dir/build
make[1]: Entering directory '/mnt/d/Users/user/Documents/GitHub/IMAGINE1-S2/HMIN212/ray/raytracer-template/raytracer-template/build/CMakeFiles/CMakeTmp'
Building C object CMakeFiles/cmTC_78cfa.dir/src.c.o
/usr/bin/cc   -DCMAKE_HAVE_LIBC_PTHREAD   -o CMakeFiles/cmTC_78cfa.dir/src.c.o   -c /mnt/d/Users/user/Documents/GitHub/IMAGINE1-S2/HMIN212/ray/raytracer-template/raytracer-template/build/CMakeFiles/CMakeTmp/src.c
Linking C executable cmTC_78cfa
/usr/bin/cmake -E cmake_link_script CMakeFiles/cmTC_78cfa.dir/link.txt --verbose=1
/usr/bin/cc  -DCMAKE_HAVE_LIBC_PTHREAD    -rdynamic CMakeFiles/cmTC_78cfa.dir/src.c.o  -o cmTC_78cfa 
/usr/bin/ld: CMakeFiles/cmTC_78cfa.dir/src.c.o: in function `main':
src.c:(.text+0x46): undefined reference to `pthread_create'
/usr/bin/ld: src.c:(.text+0x52): undefined reference to `pthread_detach'
/usr/bin/ld: src.c:(.text+0x63): undefined reference to `pthread_join'
collect2: error: ld returned 1 exit status
make[1]: *** [CMakeFiles/cmTC_78cfa.dir/build.make:87: cmTC_78cfa] Error 1
make[1]: Leaving directory '/mnt/d/Users/user/Documents/GitHub/IMAGINE1-S2/HMIN212/ray/raytracer-template/raytracer-template/build/CMakeFiles/CMakeTmp'
make: *** [Makefile:121: cmTC_78cfa/fast] Error 2


Source file was:
#include <pthread.h>

void* test_func(void* data)
{
  return data;
}

int main(void)
{
  pthread_t thread;
  pthread_create(&thread, NULL, test_func, NULL);
  pthread_detach(thread);
  pthread_join(thread, NULL);
  pthread_atfork(NULL, NULL, NULL);
  pthread_exit(NULL);

  return 0;
}

Determining if the function pthread_create exists in the pthreads failed with the following output:
Change Dir: /mnt/d/Users/user/Documents/GitHub/IMAGINE1-S2/HMIN212/ray/raytracer-template/raytracer-template/build/CMakeFiles/CMakeTmp

Run Build Command(s):/usr/bin/make cmTC_110ce/fast && /usr/bin/make -f CMakeFiles/cmTC_110ce.dir/build.make CMakeFiles/cmTC_110ce.dir/build
make[1]: Entering directory '/mnt/d/Users/user/Documents/GitHub/IMAGINE1-S2/HMIN212/ray/raytracer-template/raytracer-template/build/CMakeFiles/CMakeTmp'
Building C object CMakeFiles/cmTC_110ce.dir/CheckFunctionExists.c.o
/usr/bin/cc   -DCHECK_FUNCTION_EXISTS=pthread_create   -o CMakeFiles/cmTC_110ce.dir/CheckFunctionExists.c.o   -c /usr/share/cmake-3.16/Modules/CheckFunctionExists.c
Linking C executable cmTC_110ce
/usr/bin/cmake -E cmake_link_script CMakeFiles/cmTC_110ce.dir/link.txt --verbose=1
/usr/bin/cc  -DCHECK_FUNCTION_EXISTS=pthread_create    -rdynamic CMakeFiles/cmTC_110ce.dir/CheckFunctionExists.c.o  -o cmTC_110ce  -lpthreads 
/usr/bin/ld: cannot find -lpthreads
collect2: error: ld returned 1 exit status
make[1]: *** [CMakeFiles/cmTC_110ce.dir/build.make:87: cmTC_110ce] Error 1
make[1]: Leaving directory '/mnt/d/Users/user/Documents/GitHub/IMAGINE1-S2/HMIN212/ray/raytracer-template/raytracer-template/build/CMakeFiles/CMakeTmp'
make: *** [Makefile:121: cmTC_110ce/fast] Error 2



