Performing C SOURCE FILE Test CMAKE_HAVE_LIBC_PTHREAD failed with the following output:
Change Dir: /mnt/d/Users/user/Documents/GitHub/IMAGINE1-S2/HMIN212/ray_part 2/build/CMakeFiles/CMakeTmp

Run Build Command(s):/usr/bin/make cmTC_fdeca/fast && /usr/bin/make -f CMakeFiles/cmTC_fdeca.dir/build.make CMakeFiles/cmTC_fdeca.dir/build
make[1]: Entering directory '/mnt/d/Users/user/Documents/GitHub/IMAGINE1-S2/HMIN212/ray_part 2/build/CMakeFiles/CMakeTmp'
Building C object CMakeFiles/cmTC_fdeca.dir/src.c.o
/usr/bin/cc   -DCMAKE_HAVE_LIBC_PTHREAD   -o CMakeFiles/cmTC_fdeca.dir/src.c.o   -c "/mnt/d/Users/user/Documents/GitHub/IMAGINE1-S2/HMIN212/ray_part 2/build/CMakeFiles/CMakeTmp/src.c"
Linking C executable cmTC_fdeca
/usr/bin/cmake -E cmake_link_script CMakeFiles/cmTC_fdeca.dir/link.txt --verbose=1
/usr/bin/cc  -DCMAKE_HAVE_LIBC_PTHREAD    -rdynamic CMakeFiles/cmTC_fdeca.dir/src.c.o  -o cmTC_fdeca 
/usr/bin/ld: CMakeFiles/cmTC_fdeca.dir/src.c.o: in function `main':
src.c:(.text+0x46): undefined reference to `pthread_create'
/usr/bin/ld: src.c:(.text+0x52): undefined reference to `pthread_detach'
/usr/bin/ld: src.c:(.text+0x63): undefined reference to `pthread_join'
collect2: error: ld returned 1 exit status
make[1]: *** [CMakeFiles/cmTC_fdeca.dir/build.make:87: cmTC_fdeca] Error 1
make[1]: Leaving directory '/mnt/d/Users/user/Documents/GitHub/IMAGINE1-S2/HMIN212/ray_part 2/build/CMakeFiles/CMakeTmp'
make: *** [Makefile:121: cmTC_fdeca/fast] Error 2


Source file was:
#include <pthread.h>

void* test_func(void* data)
{
  return data;
}

int main(void)
{
  pthread_t thread;
  pthread_create(&thread, NULL, test_func, NULL);
  pthread_detach(thread);
  pthread_join(thread, NULL);
  pthread_atfork(NULL, NULL, NULL);
  pthread_exit(NULL);

  return 0;
}

Determining if the function pthread_create exists in the pthreads failed with the following output:
Change Dir: /mnt/d/Users/user/Documents/GitHub/IMAGINE1-S2/HMIN212/ray_part 2/build/CMakeFiles/CMakeTmp

Run Build Command(s):/usr/bin/make cmTC_04b77/fast && /usr/bin/make -f CMakeFiles/cmTC_04b77.dir/build.make CMakeFiles/cmTC_04b77.dir/build
make[1]: Entering directory '/mnt/d/Users/user/Documents/GitHub/IMAGINE1-S2/HMIN212/ray_part 2/build/CMakeFiles/CMakeTmp'
Building C object CMakeFiles/cmTC_04b77.dir/CheckFunctionExists.c.o
/usr/bin/cc   -DCHECK_FUNCTION_EXISTS=pthread_create   -o CMakeFiles/cmTC_04b77.dir/CheckFunctionExists.c.o   -c /usr/share/cmake-3.16/Modules/CheckFunctionExists.c
Linking C executable cmTC_04b77
/usr/bin/cmake -E cmake_link_script CMakeFiles/cmTC_04b77.dir/link.txt --verbose=1
/usr/bin/cc  -DCHECK_FUNCTION_EXISTS=pthread_create    -rdynamic CMakeFiles/cmTC_04b77.dir/CheckFunctionExists.c.o  -o cmTC_04b77  -lpthreads 
/usr/bin/ld: cannot find -lpthreads
collect2: error: ld returned 1 exit status
make[1]: *** [CMakeFiles/cmTC_04b77.dir/build.make:87: cmTC_04b77] Error 1
make[1]: Leaving directory '/mnt/d/Users/user/Documents/GitHub/IMAGINE1-S2/HMIN212/ray_part 2/build/CMakeFiles/CMakeTmp'
make: *** [Makefile:121: cmTC_04b77/fast] Error 2



