Performing C SOURCE FILE Test CMAKE_HAVE_LIBC_PTHREAD failed with the following output:
Change Dir: /home/e20160018322/Bureau/IMAGINE1-s2/IMAGINE1-S2/HMIN212/ray2/raytracer-template/raytracer-template/build/CMakeFiles/CMakeTmp

Run Build Command(s):/usr/bin/make cmTC_ec8dd/fast && /usr/bin/make -f CMakeFiles/cmTC_ec8dd.dir/build.make CMakeFiles/cmTC_ec8dd.dir/build
make[1] : on entre dans le répertoire « /home/e20160018322/Bureau/IMAGINE1-s2/IMAGINE1-S2/HMIN212/ray2/raytracer-template/raytracer-template/build/CMakeFiles/CMakeTmp »
Building C object CMakeFiles/cmTC_ec8dd.dir/src.c.o
/usr/bin/cc   -DCMAKE_HAVE_LIBC_PTHREAD   -o CMakeFiles/cmTC_ec8dd.dir/src.c.o   -c /home/e20160018322/Bureau/IMAGINE1-s2/IMAGINE1-S2/HMIN212/ray2/raytracer-template/raytracer-template/build/CMakeFiles/CMakeTmp/src.c
Linking C executable cmTC_ec8dd
/usr/bin/cmake -E cmake_link_script CMakeFiles/cmTC_ec8dd.dir/link.txt --verbose=1
/usr/bin/cc  -DCMAKE_HAVE_LIBC_PTHREAD    -rdynamic CMakeFiles/cmTC_ec8dd.dir/src.c.o  -o cmTC_ec8dd 
/usr/bin/ld : CMakeFiles/cmTC_ec8dd.dir/src.c.o : dans la fonction « main » :
src.c:(.text+0x46) : référence indéfinie vers « pthread_create »
/usr/bin/ld : src.c:(.text+0x52) : référence indéfinie vers « pthread_detach »
/usr/bin/ld : src.c:(.text+0x63) : référence indéfinie vers « pthread_join »
collect2: error: ld returned 1 exit status
make[1]: *** [CMakeFiles/cmTC_ec8dd.dir/build.make:87 : cmTC_ec8dd] Erreur 1
make[1] : on quitte le répertoire « /home/e20160018322/Bureau/IMAGINE1-s2/IMAGINE1-S2/HMIN212/ray2/raytracer-template/raytracer-template/build/CMakeFiles/CMakeTmp »
make: *** [Makefile:121 : cmTC_ec8dd/fast] Erreur 2


Source file was:
#include <pthread.h>

void* test_func(void* data)
{
  return data;
}

int main(void)
{
  pthread_t thread;
  pthread_create(&thread, NULL, test_func, NULL);
  pthread_detach(thread);
  pthread_join(thread, NULL);
  pthread_atfork(NULL, NULL, NULL);
  pthread_exit(NULL);

  return 0;
}

Determining if the function pthread_create exists in the pthreads failed with the following output:
Change Dir: /home/e20160018322/Bureau/IMAGINE1-s2/IMAGINE1-S2/HMIN212/ray2/raytracer-template/raytracer-template/build/CMakeFiles/CMakeTmp

Run Build Command(s):/usr/bin/make cmTC_b83f7/fast && /usr/bin/make -f CMakeFiles/cmTC_b83f7.dir/build.make CMakeFiles/cmTC_b83f7.dir/build
make[1] : on entre dans le répertoire « /home/e20160018322/Bureau/IMAGINE1-s2/IMAGINE1-S2/HMIN212/ray2/raytracer-template/raytracer-template/build/CMakeFiles/CMakeTmp »
Building C object CMakeFiles/cmTC_b83f7.dir/CheckFunctionExists.c.o
/usr/bin/cc   -DCHECK_FUNCTION_EXISTS=pthread_create   -o CMakeFiles/cmTC_b83f7.dir/CheckFunctionExists.c.o   -c /usr/share/cmake-3.16/Modules/CheckFunctionExists.c
Linking C executable cmTC_b83f7
/usr/bin/cmake -E cmake_link_script CMakeFiles/cmTC_b83f7.dir/link.txt --verbose=1
/usr/bin/cc  -DCHECK_FUNCTION_EXISTS=pthread_create    -rdynamic CMakeFiles/cmTC_b83f7.dir/CheckFunctionExists.c.o  -o cmTC_b83f7  -lpthreads 
/usr/bin/ld : ne peut trouver -lpthreads
collect2: error: ld returned 1 exit status
make[1]: *** [CMakeFiles/cmTC_b83f7.dir/build.make:87 : cmTC_b83f7] Erreur 1
make[1] : on quitte le répertoire « /home/e20160018322/Bureau/IMAGINE1-s2/IMAGINE1-S2/HMIN212/ray2/raytracer-template/raytracer-template/build/CMakeFiles/CMakeTmp »
make: *** [Makefile:121 : cmTC_b83f7/fast] Erreur 2



